{"/home/nico/Documents/IngSoft3/docker-mysql-nodejs-reactjs-app/backend/server.js": {"path":"/home/nico/Documents/IngSoft3/docker-mysql-nodejs-reactjs-app/backend/server.js","statementMap":{"0":{"start":{"line":1,"column":16},"end":{"line":1,"column":34}},"1":{"start":{"line":2,"column":14},"end":{"line":2,"column":31}},"2":{"start":{"line":3,"column":11},"end":{"line":3,"column":26}},"3":{"start":{"line":4,"column":19},"end":{"line":4,"column":41}},"4":{"start":{"line":7,"column":12},"end":{"line":7,"column":21}},"5":{"start":{"line":8,"column":0},"end":{"line":8,"column":16}},"6":{"start":{"line":9,"column":0},"end":{"line":9,"column":27}},"7":{"start":{"line":12,"column":20},"end":{"line":18,"column":1}},"8":{"start":{"line":20,"column":10},"end":{"line":20,"column":14}},"9":{"start":{"line":21,"column":21},"end":{"line":30,"column":1}},"10":{"start":{"line":22,"column":2},"end":{"line":22,"column":44}},"11":{"start":{"line":23,"column":2},"end":{"line":29,"column":5}},"12":{"start":{"line":24,"column":4},"end":{"line":27,"column":5}},"13":{"start":{"line":25,"column":6},"end":{"line":25,"column":63}},"14":{"start":{"line":26,"column":6},"end":{"line":26,"column":13}},"15":{"start":{"line":28,"column":4},"end":{"line":28,"column":45}},"16":{"start":{"line":32,"column":23},"end":{"line":40,"column":1}},"17":{"start":{"line":33,"column":2},"end":{"line":39,"column":5}},"18":{"start":{"line":34,"column":4},"end":{"line":37,"column":5}},"19":{"start":{"line":35,"column":6},"end":{"line":35,"column":25}},"20":{"start":{"line":36,"column":6},"end":{"line":36,"column":13}},"21":{"start":{"line":38,"column":4},"end":{"line":38,"column":49}},"22":{"start":{"line":42,"column":20},"end":{"line":53,"column":1}},"23":{"start":{"line":43,"column":2},"end":{"line":52,"column":4}},"24":{"start":{"line":46,"column":6},"end":{"line":49,"column":7}},"25":{"start":{"line":47,"column":8},"end":{"line":47,"column":27}},"26":{"start":{"line":48,"column":8},"end":{"line":48,"column":15}},"27":{"start":{"line":50,"column":6},"end":{"line":50,"column":48}},"28":{"start":{"line":56,"column":0},"end":{"line":66,"column":3}},"29":{"start":{"line":57,"column":2},"end":{"line":57,"column":17}},"30":{"start":{"line":58,"column":2},"end":{"line":65,"column":5}},"31":{"start":{"line":59,"column":4},"end":{"line":64,"column":5}},"32":{"start":{"line":60,"column":6},"end":{"line":60,"column":25}},"33":{"start":{"line":61,"column":6},"end":{"line":61,"column":66}},"34":{"start":{"line":63,"column":6},"end":{"line":63,"column":24}},"35":{"start":{"line":69,"column":0},"end":{"line":82,"column":3}},"36":{"start":{"line":70,"column":2},"end":{"line":81,"column":4}},"37":{"start":{"line":74,"column":6},"end":{"line":79,"column":7}},"38":{"start":{"line":75,"column":8},"end":{"line":75,"column":27}},"39":{"start":{"line":76,"column":8},"end":{"line":76,"column":68}},"40":{"start":{"line":78,"column":8},"end":{"line":78,"column":26}},"41":{"start":{"line":84,"column":0},"end":{"line":88,"column":3}},"42":{"start":{"line":85,"column":2},"end":{"line":85,"column":17}},"43":{"start":{"line":86,"column":2},"end":{"line":86,"column":19}},"44":{"start":{"line":87,"column":2},"end":{"line":87,"column":44}},"45":{"start":{"line":90,"column":0},"end":{"line":94,"column":3}},"46":{"start":{"line":91,"column":2},"end":{"line":91,"column":17}},"47":{"start":{"line":92,"column":2},"end":{"line":92,"column":16}},"48":{"start":{"line":93,"column":2},"end":{"line":93,"column":41}},"49":{"start":{"line":97,"column":0},"end":{"line":97,"column":21}},"50":{"start":{"line":100,"column":0},"end":{"line":105,"column":1}},"51":{"start":{"line":101,"column":15},"end":{"line":101,"column":39}},"52":{"start":{"line":102,"column":2},"end":{"line":104,"column":5}},"53":{"start":{"line":103,"column":4},"end":{"line":103,"column":50}}},"fnMap":{"0":{"name":"(anonymous_0)","decl":{"start":{"line":21,"column":21},"end":{"line":21,"column":22}},"loc":{"start":{"line":21,"column":27},"end":{"line":30,"column":1}},"line":21},"1":{"name":"(anonymous_1)","decl":{"start":{"line":23,"column":14},"end":{"line":23,"column":15}},"loc":{"start":{"line":23,"column":23},"end":{"line":29,"column":3}},"line":23},"2":{"name":"(anonymous_2)","decl":{"start":{"line":32,"column":23},"end":{"line":32,"column":24}},"loc":{"start":{"line":32,"column":29},"end":{"line":40,"column":1}},"line":32},"3":{"name":"(anonymous_3)","decl":{"start":{"line":33,"column":51},"end":{"line":33,"column":52}},"loc":{"start":{"line":33,"column":69},"end":{"line":39,"column":3}},"line":33},"4":{"name":"(anonymous_4)","decl":{"start":{"line":42,"column":20},"end":{"line":42,"column":21}},"loc":{"start":{"line":42,"column":26},"end":{"line":53,"column":1}},"line":42},"5":{"name":"(anonymous_5)","decl":{"start":{"line":45,"column":4},"end":{"line":45,"column":5}},"loc":{"start":{"line":45,"column":22},"end":{"line":51,"column":5}},"line":45},"6":{"name":"(anonymous_6)","decl":{"start":{"line":56,"column":17},"end":{"line":56,"column":18}},"loc":{"start":{"line":56,"column":31},"end":{"line":66,"column":1}},"line":56},"7":{"name":"(anonymous_7)","decl":{"start":{"line":58,"column":35},"end":{"line":58,"column":36}},"loc":{"start":{"line":58,"column":53},"end":{"line":65,"column":3}},"line":58},"8":{"name":"(anonymous_8)","decl":{"start":{"line":69,"column":18},"end":{"line":69,"column":19}},"loc":{"start":{"line":69,"column":32},"end":{"line":82,"column":1}},"line":69},"9":{"name":"(anonymous_9)","decl":{"start":{"line":73,"column":4},"end":{"line":73,"column":5}},"loc":{"start":{"line":73,"column":22},"end":{"line":80,"column":5}},"line":73},"10":{"name":"(anonymous_10)","decl":{"start":{"line":84,"column":20},"end":{"line":84,"column":21}},"loc":{"start":{"line":84,"column":34},"end":{"line":88,"column":1}},"line":84},"11":{"name":"(anonymous_11)","decl":{"start":{"line":90,"column":20},"end":{"line":90,"column":21}},"loc":{"start":{"line":90,"column":34},"end":{"line":94,"column":1}},"line":90},"12":{"name":"(anonymous_12)","decl":{"start":{"line":102,"column":19},"end":{"line":102,"column":20}},"loc":{"start":{"line":102,"column":25},"end":{"line":104,"column":3}},"line":102}},"branchMap":{"0":{"loc":{"start":{"line":13,"column":8},"end":{"line":13,"column":35}},"type":"binary-expr","locations":[{"start":{"line":13,"column":8},"end":{"line":13,"column":27}},{"start":{"line":13,"column":31},"end":{"line":13,"column":35}}],"line":13},"1":{"loc":{"start":{"line":14,"column":8},"end":{"line":14,"column":37}},"type":"binary-expr","locations":[{"start":{"line":14,"column":8},"end":{"line":14,"column":27}},{"start":{"line":14,"column":31},"end":{"line":14,"column":37}}],"line":14},"2":{"loc":{"start":{"line":15,"column":8},"end":{"line":15,"column":37}},"type":"binary-expr","locations":[{"start":{"line":15,"column":8},"end":{"line":15,"column":27}},{"start":{"line":15,"column":31},"end":{"line":15,"column":37}}],"line":15},"3":{"loc":{"start":{"line":16,"column":12},"end":{"line":16,"column":48}},"type":"binary-expr","locations":[{"start":{"line":16,"column":12},"end":{"line":16,"column":35}},{"start":{"line":16,"column":39},"end":{"line":16,"column":48}}],"line":16},"4":{"loc":{"start":{"line":17,"column":12},"end":{"line":17,"column":42}},"type":"binary-expr","locations":[{"start":{"line":17,"column":12},"end":{"line":17,"column":31}},{"start":{"line":17,"column":35},"end":{"line":17,"column":42}}],"line":17},"5":{"loc":{"start":{"line":24,"column":4},"end":{"line":27,"column":5}},"type":"if","locations":[{"start":{"line":24,"column":4},"end":{"line":27,"column":5}},{"start":{},"end":{}}],"line":24},"6":{"loc":{"start":{"line":34,"column":4},"end":{"line":37,"column":5}},"type":"if","locations":[{"start":{"line":34,"column":4},"end":{"line":37,"column":5}},{"start":{},"end":{}}],"line":34},"7":{"loc":{"start":{"line":46,"column":6},"end":{"line":49,"column":7}},"type":"if","locations":[{"start":{"line":46,"column":6},"end":{"line":49,"column":7}},{"start":{},"end":{}}],"line":46},"8":{"loc":{"start":{"line":59,"column":4},"end":{"line":64,"column":5}},"type":"if","locations":[{"start":{"line":59,"column":4},"end":{"line":64,"column":5}},{"start":{"line":62,"column":11},"end":{"line":64,"column":5}}],"line":59},"9":{"loc":{"start":{"line":74,"column":6},"end":{"line":79,"column":7}},"type":"if","locations":[{"start":{"line":74,"column":6},"end":{"line":79,"column":7}},{"start":{"line":77,"column":13},"end":{"line":79,"column":7}}],"line":74},"10":{"loc":{"start":{"line":100,"column":0},"end":{"line":105,"column":1}},"type":"if","locations":[{"start":{"line":100,"column":0},"end":{"line":105,"column":1}},{"start":{},"end":{}}],"line":100},"11":{"loc":{"start":{"line":101,"column":15},"end":{"line":101,"column":39}},"type":"binary-expr","locations":[{"start":{"line":101,"column":15},"end":{"line":101,"column":31}},{"start":{"line":101,"column":35},"end":{"line":101,"column":39}}],"line":101}},"s":{"0":1,"1":1,"2":1,"3":1,"4":1,"5":1,"6":1,"7":1,"8":1,"9":1,"10":4,"11":4,"12":0,"13":0,"14":0,"15":0,"16":1,"17":1,"18":1,"19":1,"20":1,"21":0,"22":1,"23":1,"24":1,"25":1,"26":1,"27":0,"28":1,"29":2,"30":2,"31":2,"32":2,"33":2,"34":0,"35":1,"36":2,"37":2,"38":2,"39":2,"40":0,"41":1,"42":1,"43":1,"44":1,"45":1,"46":1,"47":1,"48":1,"49":1,"50":1,"51":0,"52":0,"53":0},"f":{"0":4,"1":0,"2":1,"3":1,"4":1,"5":1,"6":2,"7":2,"8":2,"9":2,"10":1,"11":1,"12":0},"b":{"0":[1,1],"1":[1,1],"2":[1,1],"3":[1,1],"4":[1,1],"5":[0,0],"6":[1,0],"7":[1,0],"8":[2,0],"9":[2,0],"10":[0,1],"11":[0,0]},"_coverageSchema":"1a1c01bbd47fc00a2c39e90264f33305004495a9","hash":"ffc69a9a952561865b940589a6fa6766cda7c2df"}
}
