TN:
SF:server.js
FN:21,(anonymous_0)
FN:23,(anonymous_1)
FN:32,(anonymous_2)
FN:33,(anonymous_3)
FN:42,(anonymous_4)
FN:45,(anonymous_5)
FN:56,(anonymous_6)
FN:58,(anonymous_7)
FN:69,(anonymous_8)
FN:73,(anonymous_9)
FN:84,(anonymous_10)
FN:90,(anonymous_11)
FN:102,(anonymous_12)
FNF:13
FNH:11
FNDA:4,(anonymous_0)
FNDA:0,(anonymous_1)
FNDA:1,(anonymous_2)
FNDA:1,(anonymous_3)
FNDA:1,(anonymous_4)
FNDA:1,(anonymous_5)
FNDA:2,(anonymous_6)
FNDA:2,(anonymous_7)
FNDA:2,(anonymous_8)
FNDA:2,(anonymous_9)
FNDA:1,(anonymous_10)
FNDA:1,(anonymous_11)
FNDA:0,(anonymous_12)
DA:1,1
DA:2,1
DA:3,1
DA:4,1
DA:7,1
DA:8,1
DA:9,1
DA:12,1
DA:20,1
DA:21,1
DA:22,4
DA:23,4
DA:24,0
DA:25,0
DA:26,0
DA:28,0
DA:32,1
DA:33,1
DA:34,1
DA:35,1
DA:36,1
DA:38,0
DA:42,1
DA:43,1
DA:46,1
DA:47,1
DA:48,1
DA:50,0
DA:56,1
DA:57,2
DA:58,2
DA:59,2
DA:60,2
DA:61,2
DA:63,0
DA:69,1
DA:70,2
DA:74,2
DA:75,2
DA:76,2
DA:78,0
DA:84,1
DA:85,1
DA:86,1
DA:87,1
DA:90,1
DA:91,1
DA:92,1
DA:93,1
DA:97,1
DA:100,1
DA:101,0
DA:102,0
DA:103,0
LF:54
LH:43
BRDA:13,0,0,1
BRDA:13,0,1,1
BRDA:14,1,0,1
BRDA:14,1,1,1
BRDA:15,2,0,1
BRDA:15,2,1,1
BRDA:16,3,0,1
BRDA:16,3,1,1
BRDA:17,4,0,1
BRDA:17,4,1,1
BRDA:24,5,0,0
BRDA:24,5,1,0
BRDA:34,6,0,1
BRDA:34,6,1,0
BRDA:46,7,0,1
BRDA:46,7,1,0
BRDA:59,8,0,2
BRDA:59,8,1,0
BRDA:74,9,0,2
BRDA:74,9,1,0
BRDA:100,10,0,0
BRDA:100,10,1,1
BRDA:101,11,0,0
BRDA:101,11,1,0
BRF:24
BRH:15
end_of_record
